<?xml version="1.0" encoding="UTF-8"?>
<!-- Generated by org.testng.reporters.JUnitReportReporter -->
<testsuite hostname="Dikhit-PC" failures="0" tests="2" name="com.application.utility.ExcelDataProvider" time="29.657" errors="0" timestamp="2021-04-09T02:01:55 IST" skipped="0">
  <testcase classname="com.application.utility.ExcelDataProvider" name="test1" time="17.512"/>
  <system-out/>
  <testcase classname="com.application.utility.ExcelDataProvider" name="test1" time="12.145"/>
  <system-out/>
</testsuite> <!-- com.application.utility.ExcelDataProvider -->
