<?xml version="1.0" encoding="UTF-8"?>
<!-- Generated by org.testng.reporters.JUnitReportReporter -->
<testsuite hostname="Dikhit-PC" failures="0" tests="6" name="com.application.testcases.Flipkart_LaunhTest" time="57.022" errors="0" timestamp="2021-04-02T10:15:26 IST" skipped="5">
  <testcase classname="com.application.testcases.Flipkart_LaunhTest" name="verifyCorrectWebsite" time="57.022"/>
  <system-out/>
  <testcase classname="com.application.testcases.Flipkart_LaunhTest" name="verify_Lables_Btn_Links">
    <skipped/>
  </testcase> <!-- verify_Lables_Btn_Links -->
  <system-out/>
  <testcase classname="com.application.testcases.Flipkart_LaunhTest" name="logoVerify">
    <skipped/>
  </testcase> <!-- logoVerify -->
  <system-out/>
  <testcase classname="com.application.testcases.Flipkart_LaunhTest" name="clickCross">
    <skipped/>
  </testcase> <!-- clickCross -->
  <system-out/>
  <testcase classname="com.application.testcases.Flipkart_LaunhTest" name="verifyLogin">
    <skipped/>
  </testcase> <!-- verifyLogin -->
  <system-out/>
  <testcase classname="com.application.testcases.Flipkart_LaunhTest" name="verifyCorrectUrlLanuched">
    <skipped/>
  </testcase> <!-- verifyCorrectUrlLanuched -->
  <system-out/>
</testsuite> <!-- com.application.testcases.Flipkart_LaunhTest -->
