<?xml version="1.0" encoding="UTF-8"?>
<!-- Generated by org.testng.reporters.JUnitReportReporter -->
<testsuite hostname="DIKHIT-PC" failures="0" tests="1" name="com.application.testcases.GoogleSearchTest" time="6.252" errors="0" timestamp="2021-03-25T22:25:15 IST" skipped="0">
  <testcase classname="com.application.testcases.GoogleSearchTest" name="gSearch" time="6.252"/>
  <system-out/>
</testsuite> <!-- com.application.testcases.GoogleSearchTest -->
