<?xml version="1.0" encoding="UTF-8"?>
<!-- Generated by org.testng.reporters.JUnitReportReporter -->
<testsuite hostname="Dikhit-PC" failures="0" tests="2" name="com.application.testcases.MultiBrowserDemo" time="7.292" errors="0" timestamp="2021-04-09T11:37:27 IST" skipped="1">
  <testcase classname="com.application.testcases.MultiBrowserDemo" name="test2" time="7.292"/>
  <system-out/>
  <testcase classname="com.application.testcases.MultiBrowserDemo" name="test1">
    <skipped/>
  </testcase> <!-- test1 -->
  <system-out/>
</testsuite> <!-- com.application.testcases.MultiBrowserDemo -->
