<?xml version="1.0" encoding="UTF-8"?>
<!-- Generated by org.testng.reporters.JUnitReportReporter -->
<testsuite hostname="DIKHIT-PC" failures="0" tests="1" name="com.application.testcases.IndexPageTest" time="9.013" errors="0" timestamp="2021-03-25T17:23:53 IST" skipped="0">
  <testcase classname="com.application.testcases.IndexPageTest" name="verifyLogo" time="9.013"/>
  <system-out/>
</testsuite> <!-- com.application.testcases.IndexPageTest -->
