<?xml version="1.0" encoding="UTF-8"?>
<!-- Generated by org.testng.reporters.JUnitReportReporter -->
<testsuite hostname="Dikhit-PC" failures="0" tests="2" name="com.application.testcases.MultiBrowserDemo$ExcelDataProvider" time="0.004" errors="0" timestamp="2021-04-09T01:50:27 IST" skipped="0">
  <testcase classname="com.application.testcases.MultiBrowserDemo$ExcelDataProvider" name="test1" time="0.002"/>
  <system-out/>
  <testcase classname="com.application.testcases.MultiBrowserDemo$ExcelDataProvider" name="test1" time="0.002"/>
  <system-out/>
</testsuite> <!-- com.application.testcases.MultiBrowserDemo$ExcelDataProvider -->
